<?xml version="1.0" encoding="UTF-8"?>
<!-- Generated by org.testng.reporters.JUnitReportReporter -->
<testsuite hostname="Arpits-MacBook-Air.local" failures="0" tests="4" name="com.pages.ATCBaseTest" time="65.153" errors="0" timestamp="2021-03-02T23:25:58 IST" skipped="0">
  <testcase classname="com.pages.ATCBaseTest" name="basePageNavigation" time="2.596"/>
  <system-out/>
  <testcase classname="com.pages.ATCBaseTest" name="loginApplication" time="2.912"/>
  <system-out/>
  <testcase classname="com.pages.ATCBaseTest" name="purchaseItems" time="54.139"/>
  <system-out/>
  <testcase classname="com.pages.ATCBaseTest" name="navigateMyAddressesAndAddAddress" time="5.506"/>
  <system-out/>
</testsuite> <!-- com.pages.ATCBaseTest -->
